2020-05-21 11:19:31,754 INFO o.a.j.u.JMeterUtils: Setting Locale to en_GB
2020-05-21 11:19:31,774 INFO o.a.j.JMeter: Loading user properties from: user.properties
2020-05-21 11:19:31,774 INFO o.a.j.JMeter: Loading system properties from: system.properties
2020-05-21 11:19:31,779 INFO o.a.j.JMeter: Copyright (c) 1998-2019 The Apache Software Foundation
2020-05-21 11:19:31,780 INFO o.a.j.JMeter: Version 5.1.1 r1855137
2020-05-21 11:19:31,780 INFO o.a.j.JMeter: java.version=11.0.2
2020-05-21 11:19:31,780 INFO o.a.j.JMeter: java.vm.name=Java HotSpot(TM) 64-Bit Server VM
2020-05-21 11:19:31,780 INFO o.a.j.JMeter: os.name=Windows 10
2020-05-21 11:19:31,780 INFO o.a.j.JMeter: os.arch=amd64
2020-05-21 11:19:31,780 INFO o.a.j.JMeter: os.version=10.0
2020-05-21 11:19:31,780 INFO o.a.j.JMeter: file.encoding=Cp1252
2020-05-21 11:19:31,780 INFO o.a.j.JMeter: java.awt.headless=null
2020-05-21 11:19:31,780 INFO o.a.j.JMeter: Max memory     =4246732800
2020-05-21 11:19:31,780 INFO o.a.j.JMeter: Available Processors =8
2020-05-21 11:19:31,788 INFO o.a.j.JMeter: Default Locale=English (United Kingdom)
2020-05-21 11:19:31,789 INFO o.a.j.JMeter: JMeter  Locale=English (United Kingdom)
2020-05-21 11:19:31,789 INFO o.a.j.JMeter: JMeterHome=C:\Users\sembhyh\Documents\Projects\CVL-Zenith\Zenith\JMeterCIDemo-master\JMeterCIDemo-master\apache-jmeter-5.1.1
2020-05-21 11:19:31,789 INFO o.a.j.JMeter: user.dir  =C:\Users\sembhyh\Documents\Projects\CVL-Zenith\Zenith\JMeterCIDemo-master\JMeterCIDemo-master\apache-jmeter-5.1.1\bin
2020-05-21 11:19:31,790 INFO o.a.j.JMeter: PWD       =C:\Users\sembhyh\Documents\Projects\CVL-Zenith\Zenith\JMeterCIDemo-master\JMeterCIDemo-master\apache-jmeter-5.1.1\bin
2020-05-21 11:19:31,792 INFO o.a.j.JMeter: IP: 192.168.0.55 Name: ANS-433 FullName: ANS-433.upco.co.uk
2020-05-21 11:19:31,983 INFO o.a.j.g.a.LookAndFeelCommand: Installing Darcula LAF
2020-05-21 11:19:31,989 INFO o.a.j.g.a.LookAndFeelCommand: Using look and feel: com.bulenkov.darcula.DarculaLaf [Darcula]
2020-05-21 11:19:31,990 INFO o.a.j.JMeter: Setting LAF to: com.bulenkov.darcula.DarculaLaf
2020-05-21 11:19:32,043 INFO o.a.j.JMeter: Loaded icon properties from org/apache/jmeter/images/icon.properties
2020-05-21 11:19:33,149 INFO o.j.r.JARSourceHTTP: Requesting https://jmeter-plugins.org/repo/?installID=windows_10-255034e49b41f0d6244259636463951e-gui
2020-05-21 11:19:34,591 INFO o.a.j.p.h.s.HTTPSamplerBase: Parser for text/html is org.apache.jmeter.protocol.http.parser.LagartoBasedHtmlParser
2020-05-21 11:19:34,591 INFO o.a.j.p.h.s.HTTPSamplerBase: Parser for application/xhtml+xml is org.apache.jmeter.protocol.http.parser.LagartoBasedHtmlParser
2020-05-21 11:19:34,592 INFO o.a.j.p.h.s.HTTPSamplerBase: Parser for application/xml is org.apache.jmeter.protocol.http.parser.LagartoBasedHtmlParser
2020-05-21 11:19:34,592 INFO o.a.j.p.h.s.HTTPSamplerBase: Parser for text/xml is org.apache.jmeter.protocol.http.parser.LagartoBasedHtmlParser
2020-05-21 11:19:34,592 INFO o.a.j.p.h.s.HTTPSamplerBase: Parser for text/vnd.wap.wml is org.apache.jmeter.protocol.http.parser.RegexpHTMLParser
2020-05-21 11:19:34,592 INFO o.a.j.p.h.s.HTTPSamplerBase: Parser for text/css is org.apache.jmeter.protocol.http.parser.CssParser
2020-05-21 11:19:34,920 INFO o.a.j.e.KeyToolUtils: keytool found at 'keytool'
2020-05-21 11:19:34,921 INFO o.a.j.p.h.p.ProxyControl: HTTP(S) Test Script Recorder SSL Proxy will use keys that support embedded 3rd party resources in file C:\Users\sembhyh\Documents\Projects\CVL-Zenith\Zenith\JMeterCIDemo-master\JMeterCIDemo-master\apache-jmeter-5.1.1\bin\proxyserver.jks
2020-05-21 11:19:34,970 INFO o.j.r.PluginManager: Plugins Status: [jpgc-graphs-basic=2.0, jpgc-cmd=2.2, jpgc-functions=2.1, jpgc-casutg=2.9, jpgc-dummy=0.4, jpgc-ffw=2.0, jpgc-fifo=0.2, jpgc-pde=0.1, jpgc-perfmon=2.1, jpgc-plugins-manager=1.3, jpgc-tst=2.5, jmeter-core=5.1.1, jmeter-ftp=5.1.1, jmeter-http=5.1.1, jmeter-jdbc=5.1.1, jmeter-jms=5.1.1, jmeter-junit=5.1.1, jmeter-java=5.1.1, jmeter-ldap=5.1.1, jmeter-mail=5.1.1, jmeter-mongodb=5.1.1, jmeter-native=5.1.1, jmeter-tcp=5.1.1, jmeter-components=5.1.1, jpgc-standard=2.0]
2020-05-21 11:19:34,973 INFO o.j.r.PluginManagerMenuItem: Plugins Manager has upgrades: [jpgc-plugins-manager]
2020-05-21 11:19:35,111 INFO o.a.j.s.FileServer: Default base='C:\Users\sembhyh\Documents\Projects\CVL-Zenith\Zenith\JMeterCIDemo-master\JMeterCIDemo-master\apache-jmeter-5.1.1\bin'
2020-05-21 11:19:35,981 INFO o.a.j.s.SampleResult: Note: Sample TimeStamps are START times
2020-05-21 11:19:35,981 INFO o.a.j.s.SampleResult: sampleresult.default.encoding is set to ISO-8859-1
2020-05-21 11:19:35,981 INFO o.a.j.s.SampleResult: sampleresult.useNanoTime=true
2020-05-21 11:19:35,981 INFO o.a.j.s.SampleResult: sampleresult.nanoThreadSleep=5000
2020-05-21 11:19:36,024 INFO o.a.j.v.ViewResultsFullVisualizer: Add JavaFX to your Java installation if you want to use renderer: org.apache.jmeter.visualizers.RenderInBrowser
2020-05-21 11:21:11,233 INFO o.a.j.g.a.Load: Loading file: C:\Users\sembhyh\Documents\Projects\CVL-Zenith\Zenith\JMeterCIDemo-master\JMeterCIDemo-master\apache-jmeter-5.1.1\bin\View Results Tree.jmx
2020-05-21 11:21:11,233 INFO o.a.j.s.FileServer: Set new base='C:\Users\sembhyh\Documents\Projects\CVL-Zenith\Zenith\JMeterCIDemo-master\JMeterCIDemo-master\apache-jmeter-5.1.1\bin'
2020-05-21 11:21:11,371 INFO o.a.j.s.SaveService: Testplan (JMX) version: 2.2. Testlog (JTL) version: 2.2
2020-05-21 11:21:11,376 INFO o.a.j.s.SaveService: Using SaveService properties version 5.0
2020-05-21 11:21:11,377 INFO o.a.j.s.SaveService: Using SaveService properties file encoding UTF-8
2020-05-21 11:21:11,378 INFO o.a.j.s.SaveService: Loading file: C:\Users\sembhyh\Documents\Projects\CVL-Zenith\Zenith\JMeterCIDemo-master\JMeterCIDemo-master\apache-jmeter-5.1.1\bin\View Results Tree.jmx
2020-05-21 11:21:11,520 INFO o.a.j.e.u.CompoundVariable: Note: Function class names must contain the string: '.functions.'
2020-05-21 11:21:11,520 INFO o.a.j.e.u.CompoundVariable: Note: Function class names must not contain the string: '.gui.'
2020-05-21 11:21:11,778 INFO o.a.j.v.ViewResultsFullVisualizer: Add JavaFX to your Java installation if you want to use renderer: org.apache.jmeter.visualizers.RenderInBrowser
2020-05-21 11:21:11,841 INFO o.a.j.s.FileServer: Set new base='C:\Users\sembhyh\Documents\Projects\CVL-Zenith\Zenith\JMeterCIDemo-master\JMeterCIDemo-master\apache-jmeter-5.1.1\bin'
